Captone Second Stage/app/build/intermediates/manifest_merge_blame_file/debug/manifest-merger-blame-debug-report.txt
1<?xml version="1.0" encoding="utf-8"?>
2<manifest xmlns:android="http://schemas.android.com/apk/res/android"
3    package="com.example.captonesecondstage"
4    android:versionCode="1"
5    android:versionName="1.0" >
6
7    <uses-sdk
8        android:minSdkVersion="21"
8-->src\main\AndroidManifest.xml
9        android:targetSdkVersion="29" />
9-->src\main\AndroidManifest.xml
10    <!-- Permission -->
11    <uses-permission android:name="android.permission.CALL_PHONE" />
11-->src\main\AndroidManifest.xml:5:5-69
11-->src\main\AndroidManifest.xml:5:22-66
12    <uses-permission android:name="android.permission.SEND_SMS" />
12-->src\main\AndroidManifest.xml:6:5-67
12-->src\main\AndroidManifest.xml:6:22-64
13    <uses-permission android:name="android.permission.INTERNET" />
13-->src\main\AndroidManifest.xml:7:5-67
13-->src\main\AndroidManifest.xml:7:22-64
14
15    <application
15-->src\main\AndroidManifest.xml:9:5-31:19
16        android:allowBackup="true"
16-->src\main\AndroidManifest.xml:10:9-35
17        android:appComponentFactory="androidx.core.app.CoreComponentFactory"
17-->[androidx.core:core:1.1.0-rc02] AndroidManifest.xml:24:18-86
18        android:debuggable="true"
19        android:icon="@drawable/professor"
19-->src\main\AndroidManifest.xml:11:9-43
20        android:label="@string/app_name"
20-->src\main\AndroidManifest.xml:12:9-41
21        android:roundIcon="@drawable/professor"
21-->src\main\AndroidManifest.xml:13:9-48
22        android:supportsRtl="true"
22-->src\main\AndroidManifest.xml:14:9-35
23        android:testOnly="true"
24        android:theme="@style/AppTheme" >
24-->src\main\AndroidManifest.xml:15:9-40
25        <activity
25-->src\main\AndroidManifest.xml:16:9-18:89
26            android:name="com.example.captonesecondstage.ui.Activity.ProfileStudent_ParentsActivity"
26-->src\main\AndroidManifest.xml:16:19-77
27            android:configChanges="keyboardHidden|screenLayout|screenSize|orientation"
27-->src\main\AndroidManifest.xml:18:13-87
28            android:parentActivityName="com.example.captonesecondstage.ui.Activity.HomePageActivity" />
28-->src\main\AndroidManifest.xml:17:13-71
29        <activity
29-->src\main\AndroidManifest.xml:19:9-20:89
30            android:name="com.example.captonesecondstage.ui.Activity.ProfileTeacherActivity"
30-->src\main\AndroidManifest.xml:19:19-69
31            android:configChanges="keyboardHidden|screenLayout|screenSize|orientation" />
31-->src\main\AndroidManifest.xml:20:13-87
32        <activity
32-->src\main\AndroidManifest.xml:21:9-22:89
33            android:name="com.example.captonesecondstage.ui.Activity.HomePageActivity"
33-->src\main\AndroidManifest.xml:21:19-63
34            android:configChanges="keyboardHidden|screenLayout|screenSize|orientation" />
34-->src\main\AndroidManifest.xml:22:13-87
35        <activity
35-->src\main\AndroidManifest.xml:23:9-30:20
36            android:name="com.example.captonesecondstage.ui.Activity.MainActivity"
36-->src\main\AndroidManifest.xml:24:13-53
37            android:configChanges="keyboardHidden|screenLayout|screenSize|orientation" >
37-->src\main\AndroidManifest.xml:25:13-87
38            <intent-filter>
38-->src\main\AndroidManifest.xml:26:13-29:29
39                <action android:name="android.intent.action.MAIN" />
39-->src\main\AndroidManifest.xml:27:17-69
39-->src\main\AndroidManifest.xml:27:25-66
40
41                <category android:name="android.intent.category.LAUNCHER" />
41-->src\main\AndroidManifest.xml:28:17-77
41-->src\main\AndroidManifest.xml:28:27-74
42            </intent-filter>
43        </activity>
44    </application>
45
46</manifest>